<?xml version="1.0" encoding="UTF-8"?>
<!-- Generated by org.testng.reporters.JUnitXMLReporter -->
<testsuite ignored="0" hostname="DESKTOP-88BCUOE" failures="4" tests="4" name="Test" time="78.047" errors="0" timestamp="2022-06-08T16:06:14 IST">
  <testcase classname="avactis.testproject.RegistrationTest" name="newregistration" time="30.031">
    <failure type="java.lang.AssertionError" message="Registration passed expected [false] but found [true]">
      <![CDATA[java.lang.AssertionError: Registration passed expected [false] but found [true]
at avactis.testproject.RegistrationTest.newregistration(RegistrationTest.java:75)
at java.base/java.util.ArrayList.forEach(ArrayList.java:1541)
... Removed 34 stack frames]]>
    </failure>
  </testcase> <!-- newregistration -->
  <testcase classname="avactis.testproject.Fail" name="failtest" time="0.007">
    <failure type="java.lang.AssertionError" message="expected [true] but found [false]">
      <![CDATA[java.lang.AssertionError: expected [true] but found [false]
at avactis.testproject.Fail.failtest(Fail.java:21)
at java.base/java.util.ArrayList.forEach(ArrayList.java:1541)
... Removed 35 stack frames]]>
    </failure>
  </testcase> <!-- failtest -->
  <testcase classname="avactis.testproject.SignInTest" name="logintest" time="6.121">
    <failure type="java.lang.AssertionError" message="Test case failed expected [My Account] but found [Avactis Demo Store]">
      <![CDATA[java.lang.AssertionError: Test case failed expected [My Account] but found [Avactis Demo Store]
at avactis.testproject.SignInTest.logintest(SignInTest.java:70)
at java.base/java.util.ArrayList.forEach(ArrayList.java:1541)
... Removed 36 stack frames]]>
    </failure>
  </testcase> <!-- logintest -->
  <testcase classname="avactis.testproject.SignInTest" name="logintest" time="4.504">
    <failure type="java.lang.AssertionError" message="Test case failed expected [My Account] but found [Avactis Demo Store]">
      <![CDATA[java.lang.AssertionError: Test case failed expected [My Account] but found [Avactis Demo Store]
at avactis.testproject.SignInTest.logintest(SignInTest.java:70)
at java.base/java.util.ArrayList.forEach(ArrayList.java:1541)
... Removed 36 stack frames]]>
    </failure>
  </testcase> <!-- logintest -->
</testsuite> <!-- Test -->
